<?xml version="1.0" encoding="UTF-8"?>
<!-- Generated by org.testng.reporters.JUnitReportReporter -->
<testsuite hostname="DESKTOP-UO09EH4" failures="0" tests="1" name="org.maya.ExtentReportCheck.ReportCheck" time="8.773" errors="0" timestamp="2024-02-21T11:25:19 IST" skipped="0">
  <testcase classname="org.maya.ExtentReportCheck.ReportCheck" name="Test1" time="8.773"/>
</testsuite> <!-- org.maya.ExtentReportCheck.ReportCheck -->
